<?xml version="1.0" encoding="UTF-8"?>
<testng-results ignored="0" total="1" passed="1" failed="0" skipped="0">
  <reporter-output>
  </reporter-output>
  <suite started-at="2023-03-30T03:11:06 EEST" name="Default suite" finished-at="2023-03-30T03:11:23 EEST" duration-ms="17537">
    <groups>
    </groups>
    <test started-at="2023-03-30T03:11:06 EEST" name="Default test" finished-at="2023-03-30T03:11:23 EEST" duration-ms="17537">
      <class name="Apptest.Appium">
        <test-method signature="testMain()[pri:0, instance:Apptest.Appium@192d43ce]" started-at="2023-03-30T03:11:06 EEST" name="testMain" finished-at="2023-03-30T03:11:23 EEST" duration-ms="17493" status="PASS">
          <reporter-output>
          </reporter-output>
        </test-method> <!-- testMain -->
      </class> <!-- Apptest.Appium -->
    </test> <!-- Default test -->
  </suite> <!-- Default suite -->
</testng-results>
