<?xml version="1.0" encoding="UTF-8"?>
<testng-results ignored="0" total="1" passed="1" failed="0" skipped="0">
  <reporter-output>
  </reporter-output>
  <suite started-at="2023-03-25T16:22:54 EET" name="Default suite" finished-at="2023-03-25T16:23:04 EET" duration-ms="10298">
    <groups>
    </groups>
    <test started-at="2023-03-25T16:22:54 EET" name="Default test" finished-at="2023-03-25T16:23:04 EET" duration-ms="10298">
      <class name="Apptest.Appium">
        <test-method signature="testMain()[pri:0, instance:Apptest.Appium@7193666c]" started-at="2023-03-25T16:22:54 EET" name="testMain" finished-at="2023-03-25T16:23:04 EET" duration-ms="10252" status="PASS">
          <reporter-output>
          </reporter-output>
        </test-method> <!-- testMain -->
      </class> <!-- Apptest.Appium -->
    </test> <!-- Default test -->
  </suite> <!-- Default suite -->
</testng-results>
